[2025-03-03 22:57:26] production.INFO: Sign-in attempt {"email":"digival@diginews.com"} 
[2025-03-03 22:57:26] production.INFO: Validation passed {"email":"digival@diginews.com"} 
[2025-03-03 22:57:27] production.INFO: Authentication successful {"user_id":1} 
[2025-03-03 22:57:27] production.INFO: Token created successfully {"user_id":1} 
[2025-03-03 23:00:00] production.INFO: This source is https://www.ansa.it/valledaosta/notizie/valledaosta_rss.xml  
[2025-03-03 23:00:01] production.INFO: This source is https://www.comune.aosta.it/it/events/feed  
[2025-03-03 23:00:02] production.INFO: This source is https://www.comune.aosta.it/it/news/feed  
[2025-03-03 23:00:05] production.INFO: This source is https://pressevda.regione.vda.it/it/events/feed  
[2025-03-03 23:00:06] production.INFO: This source is https://pressevda.regione.vda.it/it/news/feed  
[2025-03-03 23:27:31] production.INFO: Sign-in attempt {"email":"digival@diginews.com"} 
[2025-03-03 23:27:31] production.INFO: Validation passed {"email":"digival@diginews.com"} 
[2025-03-03 23:27:32] production.INFO: Authentication successful {"user_id":1} 
[2025-03-03 23:27:32] production.INFO: Token created successfully {"user_id":1} 
[2025-03-03 23:27:41] production.INFO: Sign-in attempt {"email":"fifakarim@gmail.com"} 
[2025-03-03 23:27:41] production.INFO: Validation passed {"email":"fifakarim@gmail.com"} 
[2025-03-03 23:27:41] production.WARNING: User not found {"email":"fifakarim@gmail.com"} 
[2025-03-03 23:27:59] production.INFO: Sign-in attempt {"email":"digival@diginews.com"} 
[2025-03-03 23:27:59] production.INFO: Validation passed {"email":"digival@diginews.com"} 
[2025-03-03 23:27:59] production.INFO: Authentication successful {"user_id":1} 
[2025-03-03 23:27:59] production.INFO: Token created successfully {"user_id":1} 
[2025-03-04 00:00:01] production.INFO: This source is https://www.ansa.it/valledaosta/notizie/valledaosta_rss.xml  
[2025-03-04 00:00:01] production.INFO: This source is https://www.comune.aosta.it/it/events/feed  
[2025-03-04 00:00:03] production.INFO: This source is https://www.comune.aosta.it/it/news/feed  
[2025-03-04 00:00:04] production.INFO: This source is https://pressevda.regione.vda.it/it/events/feed  
[2025-03-04 00:00:04] production.INFO: This source is https://pressevda.regione.vda.it/it/news/feed  
[2025-03-04 01:00:01] production.INFO: This source is https://www.ansa.it/valledaosta/notizie/valledaosta_rss.xml  
[2025-03-04 01:00:01] production.INFO: This source is https://www.comune.aosta.it/it/events/feed  
[2025-03-04 01:00:02] production.INFO: This source is https://www.comune.aosta.it/it/news/feed  
[2025-03-04 01:00:02] production.INFO: This source is https://pressevda.regione.vda.it/it/events/feed  
[2025-03-04 01:00:05] production.INFO: This source is https://pressevda.regione.vda.it/it/news/feed  
[2025-03-04 02:00:08] production.INFO: This source is https://www.ansa.it/valledaosta/notizie/valledaosta_rss.xml  
[2025-03-04 02:00:08] production.INFO: This source is https://www.comune.aosta.it/it/events/feed  
[2025-03-04 02:00:08] production.INFO: This source is https://www.comune.aosta.it/it/news/feed  
[2025-03-04 02:00:09] production.INFO: This source is https://pressevda.regione.vda.it/it/events/feed  
[2025-03-04 02:00:10] production.INFO: This source is https://pressevda.regione.vda.it/it/news/feed  
[2025-03-04 03:00:01] production.INFO: This source is https://www.ansa.it/valledaosta/notizie/valledaosta_rss.xml  
[2025-03-04 03:00:01] production.INFO: This source is https://www.comune.aosta.it/it/events/feed  
[2025-03-04 03:00:04] production.INFO: This source is https://www.comune.aosta.it/it/news/feed  
[2025-03-04 03:00:15] production.INFO: This source is https://pressevda.regione.vda.it/it/events/feed  
[2025-03-04 03:00:17] production.INFO: This source is https://pressevda.regione.vda.it/it/news/feed  
[2025-03-04 04:00:01] production.INFO: This source is https://www.ansa.it/valledaosta/notizie/valledaosta_rss.xml  
[2025-03-04 04:00:01] production.INFO: This source is https://www.comune.aosta.it/it/events/feed  
[2025-03-04 04:00:02] production.INFO: This source is https://www.comune.aosta.it/it/news/feed  
[2025-03-04 04:00:02] production.INFO: This source is https://pressevda.regione.vda.it/it/events/feed  
[2025-03-04 04:00:03] production.INFO: This source is https://pressevda.regione.vda.it/it/news/feed  
[2025-03-04 05:00:01] production.INFO: This source is https://www.ansa.it/valledaosta/notizie/valledaosta_rss.xml  
[2025-03-04 05:00:01] production.INFO: This source is https://www.comune.aosta.it/it/events/feed  
[2025-03-04 05:00:03] production.INFO: This source is https://www.comune.aosta.it/it/news/feed  
[2025-03-04 05:00:04] production.INFO: This source is https://pressevda.regione.vda.it/it/events/feed  
[2025-03-04 05:00:05] production.INFO: This source is https://pressevda.regione.vda.it/it/news/feed  
[2025-03-04 06:00:00] production.INFO: This source is https://www.ansa.it/valledaosta/notizie/valledaosta_rss.xml  
[2025-03-04 06:00:01] production.INFO: This source is https://www.comune.aosta.it/it/events/feed  
[2025-03-04 06:00:03] production.INFO: This source is https://www.comune.aosta.it/it/news/feed  
[2025-03-04 06:00:06] production.INFO: This source is https://pressevda.regione.vda.it/it/events/feed  
[2025-03-04 06:00:08] production.INFO: This source is https://pressevda.regione.vda.it/it/news/feed  
[2025-03-04 07:00:01] production.INFO: This source is https://www.ansa.it/valledaosta/notizie/valledaosta_rss.xml  
[2025-03-04 07:00:01] production.INFO: This source is https://www.comune.aosta.it/it/events/feed  
[2025-03-04 07:00:03] production.INFO: This source is https://www.comune.aosta.it/it/news/feed  
[2025-03-04 07:00:12] production.INFO: This source is https://pressevda.regione.vda.it/it/events/feed  
[2025-03-04 07:00:13] production.INFO: This source is https://pressevda.regione.vda.it/it/news/feed  
[2025-03-04 08:00:01] production.INFO: This source is https://www.ansa.it/valledaosta/notizie/valledaosta_rss.xml  
[2025-03-04 08:00:01] production.INFO: This source is https://www.comune.aosta.it/it/events/feed  
[2025-03-04 08:00:02] production.INFO: This source is https://www.comune.aosta.it/it/news/feed  
[2025-03-04 08:00:04] production.INFO: This source is https://pressevda.regione.vda.it/it/events/feed  
[2025-03-04 08:00:06] production.INFO: This source is https://pressevda.regione.vda.it/it/news/feed  
[2025-03-04 09:00:01] production.INFO: This source is https://www.ansa.it/valledaosta/notizie/valledaosta_rss.xml  
[2025-03-04 09:00:01] production.INFO: This source is https://www.comune.aosta.it/it/events/feed  
[2025-03-04 09:00:02] production.INFO: This source is https://www.comune.aosta.it/it/news/feed  
[2025-03-04 09:00:03] production.INFO: This source is https://pressevda.regione.vda.it/it/events/feed  
[2025-03-04 09:00:04] production.INFO: This source is https://pressevda.regione.vda.it/it/news/feed  
[2025-03-04 09:46:12] production.INFO: Sign-in attempt {"email":"digival@diginews.com"} 
[2025-03-04 09:46:12] production.INFO: Validation passed {"email":"digival@diginews.com"} 
[2025-03-04 09:46:13] production.INFO: Authentication successful {"user_id":1} 
[2025-03-04 09:46:13] production.INFO: Token created successfully {"user_id":1} 
[2025-03-04 09:46:35] production.INFO: Sign-in attempt {"email":"digival@diginews.com"} 
[2025-03-04 09:46:35] production.INFO: Validation passed {"email":"digival@diginews.com"} 
[2025-03-04 09:46:35] production.INFO: Authentication successful {"user_id":1} 
[2025-03-04 09:46:35] production.INFO: Token created successfully {"user_id":1} 
[2025-03-04 10:00:01] production.INFO: This source is https://www.ansa.it/valledaosta/notizie/valledaosta_rss.xml  
[2025-03-04 10:00:02] production.INFO: This source is https://www.comune.aosta.it/it/events/feed  
[2025-03-04 10:00:03] production.INFO: This source is https://www.comune.aosta.it/it/news/feed  
[2025-03-04 10:00:05] production.INFO: This source is https://pressevda.regione.vda.it/it/events/feed  
[2025-03-04 10:00:07] production.INFO: This source is https://pressevda.regione.vda.it/it/news/feed  
[2025-03-04 10:00:09] production.ERROR: Notification failed: {"errors": ["Request is malformed: Failed to parse app_id from request", "Failed to extract app_id from JSON body for request (JSON body has an app_id key but it is malformed.)"]}
  
[2025-03-04 10:00:09] production.ERROR: Notification failed: {"errors": ["Request is malformed: Failed to parse app_id from request", "Failed to extract app_id from JSON body for request (JSON body has an app_id key but it is malformed.)"]}
  
[2025-03-04 10:41:27] production.INFO: Sign-in attempt {"email":"digival@diginews.com"} 
[2025-03-04 10:41:27] production.INFO: Validation passed {"email":"digival@diginews.com"} 
[2025-03-04 10:41:28] production.INFO: Authentication successful {"user_id":1} 
[2025-03-04 10:41:28] production.INFO: Token created successfully {"user_id":1} 
[2025-03-04 11:00:01] production.INFO: This source is https://www.ansa.it/valledaosta/notizie/valledaosta_rss.xml  
[2025-03-04 11:00:01] production.INFO: This source is https://www.comune.aosta.it/it/events/feed  
[2025-03-04 11:00:03] production.INFO: This source is https://www.comune.aosta.it/it/news/feed  
[2025-03-04 11:00:05] production.INFO: This source is https://pressevda.regione.vda.it/it/events/feed  
[2025-03-04 11:00:07] production.INFO: This source is https://pressevda.regione.vda.it/it/news/feed  
[2025-03-04 11:00:08] production.ERROR: Notification failed: {"errors": ["Request is malformed: Failed to parse app_id from request", "Failed to extract app_id from JSON body for request (JSON body has an app_id key but it is malformed.)"]}
  
[2025-03-04 11:22:22] production.INFO: Sign-in attempt {"email":"digival@diginews.com"} 
[2025-03-04 11:22:22] production.INFO: Validation passed {"email":"digival@diginews.com"} 
[2025-03-04 11:22:22] production.INFO: Authentication successful {"user_id":1} 
[2025-03-04 11:22:22] production.INFO: Token created successfully {"user_id":1} 
[2025-03-04 11:24:37] production.INFO: Sign-in attempt {"email":"digival@diginews.com"} 
[2025-03-04 11:24:37] production.INFO: Validation passed {"email":"digival@diginews.com"} 
[2025-03-04 11:24:37] production.INFO: Authentication successful {"user_id":1} 
[2025-03-04 11:24:37] production.INFO: Token created successfully {"user_id":1} 
[2025-03-04 11:33:01] production.INFO: Sign-in attempt {"email":"digival@diginews.com"} 
[2025-03-04 11:33:01] production.INFO: Validation passed {"email":"digival@diginews.com"} 
[2025-03-04 11:33:01] production.INFO: Authentication successful {"user_id":1} 
[2025-03-04 11:33:01] production.INFO: Token created successfully {"user_id":1} 
[2025-03-04 12:00:02] production.INFO: This source is https://www.ansa.it/valledaosta/notizie/valledaosta_rss.xml  
[2025-03-04 12:00:02] production.INFO: This source is https://www.comune.aosta.it/it/events/feed  
[2025-03-04 12:00:04] production.INFO: This source is https://www.comune.aosta.it/it/news/feed  
[2025-03-04 12:00:07] production.INFO: This source is https://pressevda.regione.vda.it/it/events/feed  
[2025-03-04 12:00:10] production.INFO: This source is https://pressevda.regione.vda.it/it/news/feed  
[2025-03-04 12:00:10] production.ERROR: Notification failed: {"errors": ["Request is malformed: Failed to parse app_id from request", "Failed to extract app_id from JSON body for request (JSON body has an app_id key but it is malformed.)"]}
  
[2025-03-04 12:00:11] production.ERROR: Notification failed: {"errors": ["Request is malformed: Failed to parse app_id from request", "Failed to extract app_id from JSON body for request (JSON body has an app_id key but it is malformed.)"]}
  
[2025-03-04 12:00:11] production.ERROR: Notification failed: {"errors": ["Request is malformed: Failed to parse app_id from request", "Failed to extract app_id from JSON body for request (JSON body has an app_id key but it is malformed.)"]}
  
